2025-08-20 16:17:16,579 [INFO] - Configuration loaded from C:\WISE\Server-Launcher\server_config.json
2025-08-20 16:17:17,170 [INFO] - Configuration loaded from C:\WISE\Server-Launcher\server_config.json
2025-08-20 16:18:45,362 [INFO] - Configuration loaded from C:\WISE\Server-Launcher\server_config.json
2025-08-20 16:19:35,919 [INFO] - Configuration loaded from C:\WISE\Server-Launcher\server_config.json
2025-08-20 16:19:36,497 [INFO] - Configuration loaded from C:\WISE\Server-Launcher\server_config.json
2025-08-20 16:19:36,846 [INFO] - Launcher started. Monitoring servers...
2025-08-20 16:19:37,153 [ERROR] - Error checking status for auto_restart_enabled: 'bool' object is not subscriptable
2025-08-20 16:21:03,323 [INFO] - Configuration loaded from C:\WISE\Server-Launcher\server_config.json
2025-08-20 16:21:03,916 [INFO] - Configuration loaded from C:\WISE\Server-Launcher\server_config.json
2025-08-20 16:21:04,274 [INFO] - Launcher started. Monitoring servers...
2025-08-20 16:21:04,593 [ERROR] - Error checking status for auto_restart_enabled: 'bool' object is not subscriptable
2025-08-20 16:24:36,150 [INFO] - Configuration loaded from C:\WISE\Server-Launcher\server_config.json
2025-08-20 16:24:36,731 [INFO] - Configuration loaded from C:\WISE\Server-Launcher\server_config.json
2025-08-20 16:24:37,087 [INFO] - Launcher started. Monitoring servers...
2025-08-20 16:24:37,388 [ERROR] - Error checking status for auto_restart_enabled: 'bool' object is not subscriptable
2025-08-20 16:26:58,864 [INFO] - Configuration loaded from C:\WISE\Server-Launcher\server_config.json
2025-08-20 16:26:59,439 [INFO] - Configuration loaded from C:\WISE\Server-Launcher\server_config.json
2025-08-20 16:26:59,791 [INFO] - Launcher started. Monitoring servers...
2025-08-20 16:27:00,095 [ERROR] - Error checking status for auto_restart_enabled: 'bool' object is not subscriptable
2025-08-20 16:27:50,633 [INFO] - Configuration loaded from C:\WISE\Server-Launcher\server_config.json
2025-08-20 16:27:51,237 [INFO] - Configuration loaded from C:\WISE\Server-Launcher\server_config.json
2025-08-20 16:27:51,586 [INFO] - Launcher started. Monitoring servers...
2025-08-20 16:27:51,884 [ERROR] - Error checking status for auto_restart_enabled: 'bool' object is not subscriptable
2025-08-20 16:28:59,617 [INFO] - Configuration loaded from C:\WISE\Server-Launcher\server_config.json
2025-08-20 16:29:00,234 [INFO] - Configuration loaded from C:\WISE\Server-Launcher\server_config.json
2025-08-20 16:29:00,594 [INFO] - Launcher started. Monitoring servers...
2025-08-20 16:29:00,883 [ERROR] - Error checking status for auto_restart_enabled: 'bool' object is not subscriptable
2025-08-20 17:04:20,841 [INFO] - Configuration loaded from C:\WISE\Server-Launcher\server_config.json
2025-08-20 17:04:21,435 [INFO] - Configuration loaded from C:\WISE\Server-Launcher\server_config.json
2025-08-20 17:04:21,934 [INFO] - 런처 시작. 서버 모니터링 중...
2025-08-20 17:04:22,254 [ERROR] - Error checking status for auto_restart_enabled: 'bool' object is not subscriptable
2025-08-20 17:05:36,533 [INFO] - Attempting to start Apache...
2025-08-20 17:05:36,540 [INFO] - Started Apache with PID 20752.
2025-08-20 17:06:10,356 [INFO] - Attempting to start Apache...
2025-08-20 17:06:10,357 [INFO] - Apache process (PID: 20752) already running. No action taken.
2025-08-20 17:06:25,765 [INFO] - Attempting to stop Apache...
2025-08-20 17:06:25,765 [INFO] - Terminating Apache process with PID 20752...
2025-08-20 17:06:28,971 [INFO] - Attempting to start Apache...
2025-08-20 17:06:28,978 [INFO] - Started Apache with PID 19784.
2025-08-20 17:06:36,885 [INFO] - Attempting to stop Apache...
2025-08-20 17:06:36,885 [INFO] - Terminating Apache process with PID 19784...
2025-08-20 17:06:38,068 [INFO] - Attempting to start Backend...
2025-08-20 17:06:38,074 [INFO] - Started Backend with PID 20832.
2025-08-20 17:06:51,317 [INFO] - Attempting to start MySQL...
2025-08-20 17:06:56,505 [INFO] - Service MySQL started successfully.
2025-08-20 17:07:04,605 [INFO] - Attempting to start Apache...
2025-08-20 17:07:04,611 [INFO] - Started Apache with PID 11884.
2025-08-20 17:07:07,989 [INFO] - Attempting to start Backend...
2025-08-20 17:07:07,995 [INFO] - Started Backend with PID 3620.
2025-08-20 17:07:16,176 [INFO] - Attempting to start Frontend...
2025-08-20 17:07:16,181 [INFO] - Started Frontend with PID 6152.
2025-08-20 17:07:19,357 [INFO] - Attempting to start Auth Server...
2025-08-20 17:07:19,365 [INFO] - Started Auth Server with PID 16424.
2025-08-20 17:07:22,118 [INFO] - Attempting to start World Server...
2025-08-20 17:07:22,121 [INFO] - Started World Server with PID 11484.
2025-08-20 17:13:19,895 [INFO] - Configuration loaded from C:\WISE\Server-Launcher\server_config.json
2025-08-20 17:13:20,560 [INFO] - Configuration loaded from C:\WISE\Server-Launcher\server_config.json
2025-08-20 17:13:20,976 [INFO] - 런처 시작. 서버 모니터링 중...
2025-08-20 17:13:21,290 [ERROR] - Error checking status for auto_restart_enabled: 'bool' object is not subscriptable
2025-08-20 17:15:19,819 [INFO] - Configuration loaded from C:\WISE\Server-Launcher\server_config.json
2025-08-20 17:15:20,485 [INFO] - Configuration loaded from C:\WISE\Server-Launcher\server_config.json
2025-08-20 17:15:20,878 [INFO] - 런처 시작. 서버 모니터링 중...
2025-08-20 17:15:21,159 [ERROR] - Error checking status for auto_restart_enabled: 'bool' object is not subscriptable
2025-08-20 17:28:14,111 [INFO] - Configuration loaded from C:\WISE\Server-Launcher\server_config.json
2025-08-20 17:28:14,760 [INFO] - Configuration loaded from C:\WISE\Server-Launcher\server_config.json
2025-08-20 17:28:15,244 [INFO] - 런처 시작. 서버 모니터링 중...
2025-08-20 17:28:15,606 [ERROR] - Error checking status for auto_restart_enabled: 'bool' object is not subscriptable
2025-08-20 17:28:45,984 [INFO] - Attempting to start Apache...
2025-08-20 17:28:45,986 [INFO] - Started Apache with PID 21016.
2025-08-20 20:04:18,877 [INFO] - Configuration loaded from C:\WISE\Server-Launcher\server_config.json
2025-08-20 20:04:19,518 [INFO] - Configuration loaded from C:\WISE\Server-Launcher\server_config.json
2025-08-20 20:04:19,924 [INFO] - 런처 시작. 서버 모니터링 중...
2025-08-20 20:04:20,171 [ERROR] - Error checking status for auto_restart_enabled: 'bool' object is not subscriptable
2025-08-20 20:04:53,526 [INFO] - Attempting to start Apache...
2025-08-20 20:04:53,526 [INFO] - Started Apache with PID 10828.
2025-08-20 20:06:26,259 [INFO] - Attempting to stop Apache...
2025-08-20 20:06:26,259 [INFO] - Terminating Apache process with PID 10828...
2025-08-20 20:06:40,831 [INFO] - Attempting to start Apache...
2025-08-20 20:06:40,832 [INFO] - Started Apache with PID 15756.
2025-08-20 20:07:27,786 [INFO] - Attempting to stop Apache...
2025-08-20 20:07:27,810 [INFO] - Executed stop command for Apache.
2025-08-20 20:16:09,958 [INFO] - Configuration loaded from C:\WISE\Server-Launcher\server_config.json
2025-08-20 20:16:10,348 [INFO] - Configuration loaded from C:\WISE\Server-Launcher\server_config.json
2025-08-20 20:16:10,598 [INFO] - 런처 시작. 서버 모니터링 중...
2025-08-20 20:16:10,801 [ERROR] - Error checking status for auto_restart_enabled: 'bool' object is not subscriptable
2025-08-20 20:20:23,539 [INFO] - Configuration loaded from C:\WISE\Server-Launcher\server_config.json
2025-08-20 20:20:23,914 [INFO] - Configuration loaded from C:\WISE\Server-Launcher\server_config.json
2025-08-20 20:20:24,086 [INFO] - 런처 시작. 서버 모니터링 중...
2025-08-20 20:20:24,305 [ERROR] - Error checking status for auto_restart_enabled: 'bool' object is not subscriptable
2025-08-20 20:23:44,828 [INFO] - Configuration loaded from C:\WISE\Server-Launcher\server_config.json
2025-08-20 20:23:45,203 [INFO] - Configuration loaded from C:\WISE\Server-Launcher\server_config.json
2025-08-20 20:23:45,374 [INFO] - 런처 시작. 서버 모니터링 중...
2025-08-20 20:23:45,578 [ERROR] - Error checking status for auto_restart_enabled: 'bool' object is not subscriptable
2025-08-20 20:24:07,264 [INFO] - Quit cancelled.
2025-08-20 20:24:46,853 [INFO] - Configuration loaded from C:\WISE\Server-Launcher\server_config.json
2025-08-20 20:24:47,228 [INFO] - Configuration loaded from C:\WISE\Server-Launcher\server_config.json
2025-08-20 20:24:47,494 [INFO] - 런처 시작. 서버 모니터링 중...
2025-08-20 20:24:47,744 [ERROR] - Error checking status for auto_restart_enabled: 'bool' object is not subscriptable
2025-08-20 20:26:15,979 [INFO] - Configuration loaded from C:\WISE\Server-Launcher\server_config.json
2025-08-20 20:26:16,354 [INFO] - Configuration loaded from C:\WISE\Server-Launcher\server_config.json
2025-08-20 20:26:16,526 [INFO] - 런처 시작. 서버 모니터링 중...
2025-08-20 20:29:09,197 [INFO] - Configuration loaded from C:\WISE\Server-Launcher\server_config.json
2025-08-20 20:29:09,572 [INFO] - Configuration loaded from C:\WISE\Server-Launcher\server_config.json
2025-08-20 20:29:09,760 [INFO] - 런처 시작. 서버 모니터링 중...
2025-08-20 20:29:31,718 [INFO] - Configuration saved to C:\WISE\Server-Launcher\server_config.json
2025-08-20 20:29:31,718 [INFO] - All server configurations saved successfully.
2025-08-20 20:31:12,005 [ERROR] - An unexpected error occurred loading config: 'bool' object has no attribute 'get'. Using default config.
2025-08-20 20:31:12,005 [INFO] - Configuration saved to C:\WISE\Server-Launcher\server_config.json
2025-08-20 20:31:12,379 [ERROR] - An unexpected error occurred loading config: 'bool' object has no attribute 'get'. Using default config.
2025-08-20 20:31:12,379 [INFO] - Configuration saved to C:\WISE\Server-Launcher\server_config.json
2025-08-20 20:31:12,645 [INFO] - 런처 시작. 서버 모니터링 중...
2025-08-20 20:31:16,316 [INFO] - Configuration saved to C:\WISE\Server-Launcher\server_config.json
2025-08-20 20:31:16,316 [INFO] - All server configurations saved successfully.
2025-08-20 20:31:39,174 [INFO] - Selected new path: C:/WISE/BUILD/bin/RelWithDebInfo/worldserver.exe
2025-08-20 20:31:46,425 [INFO] - Selected new path: C:/WISE/BUILD/bin/RelWithDebInfo/authserver.exe
2025-08-20 20:31:51,267 [INFO] - Selected new path: C:/WISE/Account-manager/start_frontend.bat
2025-08-20 20:31:55,146 [INFO] - Selected new path: C:/WISE/Account-manager/start_backend.bat
2025-08-20 20:32:01,129 [INFO] - Selected new path: C:/WISE/xampp/apache_start.bat
2025-08-20 20:32:02,722 [INFO] - Configuration saved to C:\WISE\Server-Launcher\server_config.json
2025-08-20 20:32:02,722 [INFO] - All server configurations saved successfully.
2025-08-20 20:39:18,868 [ERROR] - An unexpected error occurred loading config: 'bool' object has no attribute 'get'. Using default config.
2025-08-20 20:39:18,868 [INFO] - Configuration saved to C:\WISE\Server-Launcher\server_config.json
2025-08-20 20:39:19,243 [ERROR] - An unexpected error occurred loading config: 'bool' object has no attribute 'get'. Using default config.
2025-08-20 20:39:19,259 [INFO] - Configuration saved to C:\WISE\Server-Launcher\server_config.json
2025-08-20 20:39:19,509 [INFO] - 런처 시작. 서버 모니터링 중...
2025-08-20 20:40:53,019 [ERROR] - An unexpected error occurred loading config: 'bool' object has no attribute 'get'. Using default config.
2025-08-20 20:40:53,019 [INFO] - Configuration saved to C:\WISE\Server-Launcher\server_config.json
2025-08-20 20:40:53,410 [ERROR] - An unexpected error occurred loading config: 'bool' object has no attribute 'get'. Using default config.
2025-08-20 20:40:53,410 [INFO] - Configuration saved to C:\WISE\Server-Launcher\server_config.json
2025-08-20 20:40:53,582 [INFO] - 런처 시작. 서버 모니터링 중...
2025-08-20 20:44:25,898 [ERROR] - An unexpected error occurred loading config: 'bool' object has no attribute 'get'. Using default config.
2025-08-20 20:44:25,898 [INFO] - Configuration saved to C:\WISE\Server-Launcher\server_config.json
2025-08-20 20:44:27,468 [ERROR] - An unexpected error occurred loading config: 'bool' object has no attribute 'get'. Using default config.
2025-08-20 20:44:27,468 [INFO] - Configuration saved to C:\WISE\Server-Launcher\server_config.json
2025-08-20 20:44:27,639 [INFO] - 런처 시작. 서버 모니터링 중...
2025-08-20 20:45:24,216 [ERROR] - An unexpected error occurred loading config: 'bool' object has no attribute 'get'. Using default config.
2025-08-20 20:45:24,216 [INFO] - Configuration saved to C:\WISE\Server-Launcher\server_config.json
2025-08-20 20:45:24,591 [ERROR] - An unexpected error occurred loading config: 'bool' object has no attribute 'get'. Using default config.
2025-08-20 20:45:24,591 [INFO] - Configuration saved to C:\WISE\Server-Launcher\server_config.json
2025-08-20 20:45:24,763 [INFO] - 런처 시작. 서버 모니터링 중...
2025-08-20 20:45:43,474 [ERROR] - An unexpected error occurred loading config: 'bool' object has no attribute 'get'. Using default config.
2025-08-20 20:45:43,474 [INFO] - Configuration saved to C:\WISE\Server-Launcher\server_config.json
2025-08-20 20:45:43,849 [ERROR] - An unexpected error occurred loading config: 'bool' object has no attribute 'get'. Using default config.
2025-08-20 20:45:43,849 [INFO] - Configuration saved to C:\WISE\Server-Launcher\server_config.json
2025-08-20 20:45:44,021 [INFO] - 런처 시작. 서버 모니터링 중...
2025-08-20 20:48:18,777 [ERROR] - An unexpected error occurred loading config: 'bool' object has no attribute 'get'. Using default config.
2025-08-20 20:48:18,777 [INFO] - Configuration saved to C:\WISE\Server-Launcher\server_config.json
2025-08-20 20:48:19,152 [ERROR] - An unexpected error occurred loading config: 'bool' object has no attribute 'get'. Using default config.
2025-08-20 20:48:19,152 [INFO] - Configuration saved to C:\WISE\Server-Launcher\server_config.json
2025-08-20 20:48:56,000 [ERROR] - An unexpected error occurred loading config: 'bool' object has no attribute 'get'. Using default config.
2025-08-20 20:48:56,000 [INFO] - Configuration saved to C:\WISE\Server-Launcher\server_config.json
2025-08-20 20:48:56,374 [ERROR] - An unexpected error occurred loading config: 'bool' object has no attribute 'get'. Using default config.
2025-08-20 20:48:56,374 [INFO] - Configuration saved to C:\WISE\Server-Launcher\server_config.json
2025-08-20 20:49:25,558 [ERROR] - An unexpected error occurred loading config: 'bool' object has no attribute 'get'. Using default config.
2025-08-20 20:49:25,558 [INFO] - Configuration saved to C:\WISE\Server-Launcher\server_config.json
2025-08-20 20:49:25,933 [ERROR] - An unexpected error occurred loading config: 'bool' object has no attribute 'get'. Using default config.
2025-08-20 20:49:25,933 [INFO] - Configuration saved to C:\WISE\Server-Launcher\server_config.json
2025-08-20 20:49:26,089 [INFO] - 런처 시작. 서버 모니터링 중...
2025-08-20 20:52:14,609 [ERROR] - An unexpected error occurred loading config: 'bool' object has no attribute 'get'. Using default config.
2025-08-20 20:52:14,609 [INFO] - Configuration saved to C:\WISE\Server-Launcher\server_config.json
2025-08-20 20:52:14,984 [ERROR] - An unexpected error occurred loading config: 'bool' object has no attribute 'get'. Using default config.
2025-08-20 20:52:14,984 [INFO] - Configuration saved to C:\WISE\Server-Launcher\server_config.json
2025-08-20 20:52:15,155 [INFO] - 런처 시작. 서버 모니터링 중...
2025-08-20 20:55:56,345 [ERROR] - An unexpected error occurred loading config: 'bool' object has no attribute 'get'. Using default config.
2025-08-20 20:55:56,345 [INFO] - Configuration saved to C:\WISE\Server-Launcher\server_config.json
2025-08-20 20:55:56,720 [ERROR] - An unexpected error occurred loading config: 'bool' object has no attribute 'get'. Using default config.
2025-08-20 20:55:56,720 [INFO] - Configuration saved to C:\WISE\Server-Launcher\server_config.json
2025-08-20 20:55:56,876 [INFO] - 런처 시작. 서버 모니터링 중...
2025-08-20 20:57:31,754 [ERROR] - An unexpected error occurred loading config: 'bool' object has no attribute 'get'. Using default config.
2025-08-20 20:57:31,754 [INFO] - Configuration saved to C:\WISE\Server-Launcher\server_config.json
2025-08-20 20:57:32,129 [ERROR] - An unexpected error occurred loading config: 'bool' object has no attribute 'get'. Using default config.
2025-08-20 20:57:32,129 [INFO] - Configuration saved to C:\WISE\Server-Launcher\server_config.json
2025-08-20 20:57:32,286 [INFO] - 런처 시작. 서버 모니터링 중...
2025-08-20 20:59:31,424 [ERROR] - An unexpected error occurred loading config: 'bool' object has no attribute 'get'. Using default config.
2025-08-20 20:59:31,424 [INFO] - Configuration saved to C:\WISE\Server-Launcher\server_config.json
2025-08-20 20:59:31,799 [ERROR] - An unexpected error occurred loading config: 'bool' object has no attribute 'get'. Using default config.
2025-08-20 20:59:31,799 [INFO] - Configuration saved to C:\WISE\Server-Launcher\server_config.json
2025-08-20 20:59:31,955 [INFO] - 런처 시작. 서버 모니터링 중...
2025-08-20 20:59:39,003 [INFO] - Attempting to start Apache...
2025-08-20 20:59:39,003 [INFO] - Started Apache with PID 1992.
2025-08-20 20:59:51,247 [INFO] - Attempting to stop Apache...
2025-08-20 20:59:51,247 [INFO] - Terminating Apache process with PID 1992...
2025-08-20 21:05:22,328 [INFO] - Attempting to stop Apache...
2025-08-20 21:05:22,351 [INFO] - Executed stop command for Apache.
2025-08-20 21:06:37,913 [INFO] - Attempting to stop Apache...
2025-08-20 21:06:37,935 [INFO] - Executed stop command for Apache.
2025-08-20 21:06:47,504 [INFO] - Attempting to start Apache...
2025-08-20 21:06:47,505 [INFO] - Started Apache with PID 13036.
2025-08-20 21:08:03,160 [INFO] - Attempting to start Backend...
2025-08-20 21:08:03,161 [INFO] - Started Backend with PID 1052.
2025-08-20 21:11:09,595 [INFO] - Attempting to stop Backend...
2025-08-20 21:11:09,610 [WARNING] - No running process found for Backend to terminate via fallback.
2025-08-20 21:11:41,787 [INFO] - Attempting to start Backend...
2025-08-20 21:11:41,789 [INFO] - Started Backend with PID 16200.
2025-08-20 21:11:49,972 [INFO] - Attempting to stop Backend...
2025-08-20 21:11:49,973 [INFO] - Terminating Backend process with PID 16200...
2025-08-20 21:12:21,867 [ERROR] - An unexpected error occurred loading config: 'bool' object has no attribute 'get'. Using default config.
2025-08-20 21:12:21,869 [INFO] - Configuration saved to C:\WISE\Server-Launcher\server_config.json
2025-08-20 21:12:22,265 [ERROR] - An unexpected error occurred loading config: 'bool' object has no attribute 'get'. Using default config.
2025-08-20 21:12:22,265 [INFO] - Configuration saved to C:\WISE\Server-Launcher\server_config.json
2025-08-20 21:12:22,475 [INFO] - 런처 시작. 서버 모니터링 중...
2025-08-20 21:13:24,121 [INFO] - Attempting to start Frontend...
2025-08-20 21:13:24,122 [INFO] - Started Frontend with PID 10176.
2025-08-20 21:13:38,091 [INFO] - Attempting to start Backend...
2025-08-20 21:13:38,091 [INFO] - Started Backend with PID 15824.
2025-08-20 21:14:08,519 [INFO] - Attempting to start Apache...
2025-08-20 21:14:08,519 [INFO] - Started Apache with PID 8680.
2025-08-20 21:14:16,707 [INFO] - Attempting to start Auth Server...
2025-08-20 21:14:16,707 [INFO] - Started Auth Server with PID 8416.
2025-08-20 21:14:20,664 [INFO] - Attempting to start World Server...
2025-08-20 21:14:20,664 [INFO] - Started World Server with PID 2444.
2025-08-20 21:14:52,352 [INFO] - Attempting to stop World Server...
2025-08-20 21:14:52,352 [INFO] - Terminating World Server process with PID 2444...
2025-08-20 21:15:04,476 [INFO] - Attempting to stop Auth Server...
2025-08-20 21:15:04,476 [INFO] - Terminating Auth Server process with PID 8416...
2025-08-20 21:15:10,660 [INFO] - Attempting to stop Frontend...
2025-08-20 21:15:10,660 [INFO] - Terminating Frontend process with PID 10176...
2025-08-20 21:15:19,719 [INFO] - Attempting to stop Backend...
2025-08-20 21:15:19,719 [INFO] - Terminating Backend process with PID 15824...
2025-08-20 21:18:24,978 [ERROR] - An unexpected error occurred loading config: 'bool' object has no attribute 'get'. Using default config.
2025-08-20 21:18:24,979 [INFO] - Configuration saved to C:\WISE\Server-Launcher\server_config.json
2025-08-20 21:18:25,370 [ERROR] - An unexpected error occurred loading config: 'bool' object has no attribute 'get'. Using default config.
2025-08-20 21:18:25,370 [INFO] - Configuration saved to C:\WISE\Server-Launcher\server_config.json
2025-08-20 21:18:25,524 [INFO] - 런처 시작. 서버 모니터링 중...
2025-08-20 21:18:31,383 [INFO] - Attempting to start Apache...
2025-08-20 21:18:31,383 [INFO] - Started Apache with PID 6952.
2025-08-20 21:18:52,548 [INFO] - Attempting to start Backend...
2025-08-20 21:18:52,549 [INFO] - Started Backend with PID 16092.
2025-08-20 21:19:00,439 [INFO] - Attempting to start Frontend...
2025-08-20 21:19:00,442 [INFO] - Started Frontend with PID 1812.
2025-08-20 21:19:48,529 [INFO] - Attempting to start Auth Server...
2025-08-20 21:19:48,529 [INFO] - Started Auth Server with PID 2140.
2025-08-20 21:19:52,476 [INFO] - Attempting to start World Server...
2025-08-20 21:19:52,477 [INFO] - Started World Server with PID 9644.
2025-08-20 21:22:36,033 [INFO] - Attempting to stop all configured servers...
2025-08-20 21:23:01,524 [INFO] - Quit cancelled.
2025-08-20 21:23:12,570 [INFO] - Attempting to stop all configured servers...
2025-08-20 21:24:43,511 [ERROR] - An unexpected error occurred loading config: 'bool' object has no attribute 'get'. Using default config.
2025-08-20 21:24:43,512 [INFO] - Configuration saved to C:\WISE\Server-Launcher\server_config.json
2025-08-20 21:24:43,924 [ERROR] - An unexpected error occurred loading config: 'bool' object has no attribute 'get'. Using default config.
2025-08-20 21:24:43,924 [INFO] - Configuration saved to C:\WISE\Server-Launcher\server_config.json
2025-08-20 21:24:44,203 [INFO] - 런처 시작. 서버 모니터링 중...
2025-08-20 21:25:05,108 [INFO] - Attempting to start Apache...
2025-08-20 21:25:05,109 [INFO] - Started Apache with PID 16348.
2025-08-20 21:25:10,124 [INFO] - Attempting to start Backend...
2025-08-20 21:25:10,125 [INFO] - Started Backend with PID 772.
2025-08-20 21:25:15,204 [INFO] - Attempting to start Frontend...
2025-08-20 21:25:15,205 [INFO] - Started Frontend with PID 5976.
2025-08-20 21:25:21,340 [INFO] - Attempting to stop all configured servers...
2025-08-20 21:25:21,340 [INFO] - Attempting to stop World Server...
2025-08-20 21:25:21,353 [WARNING] - Found running process worldserver.exe with PID 9644. Terminating...
2025-08-20 21:25:21,354 [INFO] - Process World Server terminated via fallback method.
2025-08-20 21:25:21,354 [INFO] - Attempting to stop Auth Server...
2025-08-20 21:25:21,359 [WARNING] - Found running process authserver.exe with PID 2140. Terminating...
2025-08-20 21:25:21,359 [INFO] - Process Auth Server terminated via fallback method.
2025-08-20 21:25:21,359 [INFO] - Attempting to stop Frontend...
2025-08-20 21:25:21,359 [INFO] - Terminating Frontend process tree with parent PID 5976...
2025-08-20 21:25:21,364 [INFO] - Terminating child process node.exe with PID 1424
2025-08-20 21:25:21,364 [INFO] - Terminating child process cmd.exe with PID 1304
2025-08-20 21:25:21,364 [INFO] - Terminating child process node.exe with PID 15512
2025-08-20 21:25:21,364 [INFO] - Terminating child process node.exe with PID 3564
2025-08-20 21:25:21,390 [INFO] - Attempting to stop Backend...
2025-08-20 21:25:21,390 [INFO] - Terminating Backend process tree with parent PID 772...
2025-08-20 21:25:21,394 [INFO] - Terminating child process node.exe with PID 15728
2025-08-20 21:25:21,403 [INFO] - Attempting to stop Apache...
2025-08-20 21:25:21,404 [INFO] - Terminating Apache process tree with parent PID 16348...
2025-08-20 21:25:21,407 [INFO] - Terminating child process httpd.exe with PID 15532
2025-08-20 21:25:21,408 [INFO] - Terminating child process httpd.exe with PID 14364
2025-08-20 21:25:21,420 [INFO] - Attempting to stop MySQL...
2025-08-20 21:25:24,028 [INFO] - Service MySQL stopped successfully.
2025-08-20 21:25:24,028 [INFO] - All server stop commands issued.
2025-08-20 21:25:57,152 [INFO] - Attempting to stop all configured servers...
2025-08-20 21:25:57,152 [INFO] - Attempting to stop World Server...
2025-08-20 21:25:57,166 [WARNING] - No running process found for World Server to terminate via fallback.
2025-08-20 21:25:57,167 [INFO] - Attempting to stop Auth Server...
2025-08-20 21:25:57,181 [WARNING] - No running process found for Auth Server to terminate via fallback.
2025-08-20 21:25:57,181 [INFO] - Attempting to stop Frontend...
2025-08-20 21:25:57,195 [WARNING] - No running process found for Frontend to terminate via fallback.
2025-08-20 21:25:57,195 [INFO] - Attempting to stop Backend...
2025-08-20 21:25:57,209 [WARNING] - No running process found for Backend to terminate via fallback.
2025-08-20 21:25:57,209 [INFO] - Attempting to stop Apache...
2025-08-20 21:25:57,231 [INFO] - Executed stop command for Apache.
2025-08-20 21:25:57,232 [INFO] - Attempting to stop MySQL...
2025-08-20 21:25:57,246 [ERROR] - ERROR stopping MySQL: Command '['net', 'stop', 'MySQL84']' returned non-zero exit status 2.
2025-08-20 21:25:57,246 [INFO] - All server stop commands issued.
2025-08-20 21:35:32,693 [ERROR] - An unexpected error occurred loading config: 'bool' object has no attribute 'get'. Using default config.
2025-08-20 21:35:32,693 [INFO] - Configuration saved to C:\WISE\Server-Launcher\server_config.json
2025-08-20 21:35:33,083 [ERROR] - An unexpected error occurred loading config: 'bool' object has no attribute 'get'. Using default config.
2025-08-20 21:35:33,083 [INFO] - Configuration saved to C:\WISE\Server-Launcher\server_config.json
2025-08-20 21:35:33,236 [INFO] - 런처 시작. 서버 모니터링 중...
2025-08-20 21:35:44,448 [INFO] - Attempting to start all configured servers...
2025-08-20 21:35:44,448 [INFO] - Attempting to start MySQL...
2025-08-20 21:35:47,010 [INFO] - Service MySQL started successfully.
2025-08-20 21:35:47,010 [INFO] - Attempting to start Apache...
2025-08-20 21:35:47,010 [INFO] - Started Apache with PID 2468.
2025-08-20 21:35:47,010 [INFO] - Attempting to start Backend...
2025-08-20 21:35:47,010 [INFO] - Started Backend with PID 9888.
2025-08-20 21:35:47,010 [INFO] - Attempting to start Frontend...
2025-08-20 21:35:47,010 [INFO] - Started Frontend with PID 15588.
2025-08-20 21:35:47,010 [INFO] - Attempting to start Auth Server...
2025-08-20 21:35:47,010 [INFO] - Started Auth Server with PID 6916.
2025-08-20 21:35:47,010 [INFO] - Attempting to start World Server...
2025-08-20 21:35:47,010 [INFO] - Started World Server with PID 8000.
2025-08-20 21:35:47,010 [INFO] - All server start commands issued.
2025-08-20 21:36:03,404 [INFO] - Attempting to start Frontend...
2025-08-20 21:36:03,405 [INFO] - Started Frontend with PID 3312.
2025-08-20 21:36:18,177 [INFO] - Attempting to stop all configured servers...
2025-08-20 21:36:18,177 [INFO] - Attempting to stop World Server...
2025-08-20 21:36:18,177 [INFO] - Terminating World Server process tree with parent PID 8000...
2025-08-20 21:36:18,260 [INFO] - Attempting to stop Auth Server...
2025-08-20 21:36:18,260 [INFO] - Terminating Auth Server process tree with parent PID 6916...
2025-08-20 21:36:18,260 [INFO] - Terminating child process conhost.exe with PID 12448
2025-08-20 21:36:18,276 [INFO] - Attempting to stop Frontend...
2025-08-20 21:36:18,291 [WARNING] - No running process found for Frontend to terminate via fallback.
2025-08-20 21:36:18,291 [INFO] - Attempting to stop Backend...
2025-08-20 21:36:18,291 [INFO] - Terminating Backend process tree with parent PID 9888...
2025-08-20 21:36:18,291 [INFO] - Terminating child process node.exe with PID 15328
2025-08-20 21:36:18,307 [INFO] - Attempting to stop Apache...
2025-08-20 21:36:18,307 [INFO] - Terminating Apache process tree with parent PID 2468...
2025-08-20 21:36:18,307 [INFO] - Terminating child process httpd.exe with PID 14988
2025-08-20 21:36:18,307 [INFO] - Terminating child process httpd.exe with PID 1588
2025-08-20 21:36:18,323 [INFO] - Attempting to stop MySQL...
2025-08-20 21:36:20,851 [INFO] - Service MySQL stopped successfully.
2025-08-20 21:36:20,851 [INFO] - All server stop commands issued.
2025-08-20 21:36:25,005 [INFO] - Attempting to start Backend...
2025-08-20 21:36:25,021 [INFO] - Started Backend with PID 5636.
2025-08-20 21:36:43,956 [INFO] - Quit cancelled.
2025-08-20 21:36:48,756 [INFO] - Attempting to start MySQL...
2025-08-20 21:36:51,299 [INFO] - Service MySQL started successfully.
2025-08-20 21:36:58,063 [INFO] - Attempting to start Backend...
2025-08-20 21:36:58,063 [INFO] - Started Backend with PID 1200.
2025-08-20 21:37:02,485 [INFO] - Attempting to start Frontend...
2025-08-20 21:37:02,485 [INFO] - Started Frontend with PID 16176.
2025-08-20 21:39:50,053 [ERROR] - An unexpected error occurred loading config: 'bool' object has no attribute 'get'. Using default config.
2025-08-20 21:39:50,053 [INFO] - Configuration saved to C:\WISE\Server-Launcher\server_config.json
2025-08-20 21:39:50,444 [ERROR] - An unexpected error occurred loading config: 'bool' object has no attribute 'get'. Using default config.
2025-08-20 21:39:50,444 [INFO] - Configuration saved to C:\WISE\Server-Launcher\server_config.json
2025-08-20 21:39:50,709 [INFO] - 런처 시작. 서버 모니터링 중...
2025-08-20 21:39:59,698 [INFO] - Attempting to start Apache...
2025-08-20 21:39:59,698 [INFO] - Started Apache with PID 15008.
2025-08-20 21:40:01,673 [INFO] - Attempting to start Backend...
2025-08-20 21:40:01,673 [INFO] - Started Backend with PID 10356.
2025-08-20 21:40:06,896 [INFO] - Attempting to start Frontend...
2025-08-20 21:40:06,896 [INFO] - Started Frontend with PID 5204.
2025-08-20 21:45:07,662 [ERROR] - An unexpected error occurred loading config: 'bool' object has no attribute 'get'. Using default config.
2025-08-20 21:45:07,662 [INFO] - Configuration saved to C:\WISE\Server-Launcher\server_config.json
2025-08-20 21:45:08,053 [ERROR] - An unexpected error occurred loading config: 'bool' object has no attribute 'get'. Using default config.
2025-08-20 21:45:08,053 [INFO] - Configuration saved to C:\WISE\Server-Launcher\server_config.json
2025-08-20 21:45:08,209 [INFO] - 런처 시작. 서버 모니터링 중...
2025-08-20 21:45:16,448 [INFO] - Attempting to start Apache...
2025-08-20 21:45:16,448 [INFO] - Started Apache with PID 14600.
2025-08-20 21:45:20,685 [INFO] - Attempting to start Backend...
2025-08-20 21:45:20,685 [INFO] - Started Backend with PID 14444.
2025-08-20 21:45:24,296 [INFO] - Attempting to start Frontend...
2025-08-20 21:45:24,296 [INFO] - Started Frontend with PID 4720.
2025-08-20 21:45:40,752 [INFO] - Attempting to start Auth Server...
2025-08-20 21:45:40,752 [INFO] - Started Auth Server with PID 7908.
2025-08-20 21:45:47,336 [INFO] - Attempting to start World Server...
2025-08-20 21:45:47,336 [INFO] - Started World Server with PID 1396.
2025-08-20 21:49:12,929 [INFO] - Attempting to stop all configured servers...
2025-08-20 21:49:12,929 [INFO] - Attempting to stop World Server...
2025-08-20 21:49:12,930 [INFO] - Terminating World Server process tree with parent PID 1396...
2025-08-20 21:49:13,055 [INFO] - Attempting to stop Auth Server...
2025-08-20 21:49:13,055 [INFO] - Terminating Auth Server process tree with parent PID 7908...
2025-08-20 21:49:13,055 [INFO] - Terminating child process conhost.exe with PID 2296
2025-08-20 21:49:13,071 [INFO] - Attempting to stop Frontend...
2025-08-20 21:49:13,071 [INFO] - Terminating Frontend process tree with parent PID 4720...
2025-08-20 21:49:13,071 [INFO] - Terminating child process node.exe with PID 5908
2025-08-20 21:49:13,071 [INFO] - Terminating child process cmd.exe with PID 2488
2025-08-20 21:49:13,071 [INFO] - Terminating child process node.exe with PID 15720
2025-08-20 21:49:13,071 [INFO] - Terminating child process node.exe with PID 10684
2025-08-20 21:49:13,102 [INFO] - Attempting to stop Backend...
2025-08-20 21:49:13,102 [INFO] - Terminating Backend process tree with parent PID 14444...
2025-08-20 21:49:13,102 [INFO] - Terminating child process node.exe with PID 2124
2025-08-20 21:49:13,118 [INFO] - Attempting to stop Apache...
2025-08-20 21:49:13,118 [INFO] - Terminating Apache process tree with parent PID 14600...
2025-08-20 21:49:13,118 [INFO] - Terminating child process httpd.exe with PID 13208
2025-08-20 21:49:13,118 [INFO] - Terminating child process httpd.exe with PID 16072
2025-08-20 21:49:13,133 [INFO] - Attempting to stop MySQL...
2025-08-20 21:49:15,653 [INFO] - Service MySQL stopped successfully.
2025-08-20 21:49:15,653 [INFO] - All server stop commands issued.
2025-08-20 21:50:06,778 [ERROR] - An unexpected error occurred loading config: 'bool' object has no attribute 'get'. Using default config.
2025-08-20 21:50:06,778 [INFO] - Configuration saved to C:\WISE\Server-Launcher\server_config.json
2025-08-20 21:50:07,153 [ERROR] - An unexpected error occurred loading config: 'bool' object has no attribute 'get'. Using default config.
2025-08-20 21:50:07,153 [INFO] - Configuration saved to C:\WISE\Server-Launcher\server_config.json
2025-08-20 21:50:07,325 [INFO] - 런처 시작. 서버 모니터링 중...
2025-08-20 22:01:05,523 [ERROR] - An unexpected error occurred loading config: 'bool' object has no attribute 'get'. Using default config.
2025-08-20 22:01:05,523 [INFO] - Configuration saved to C:\WISE\Server-Launcher\server_config.json
2025-08-20 22:01:05,914 [ERROR] - An unexpected error occurred loading config: 'bool' object has no attribute 'get'. Using default config.
2025-08-20 22:01:05,914 [INFO] - Configuration saved to C:\WISE\Server-Launcher\server_config.json
2025-08-20 22:01:06,070 [INFO] - 런처 시작. 서버 모니터링 중...
2025-08-20 22:01:12,714 [INFO] - Attempting to start all configured servers...
2025-08-20 22:01:13,744 [INFO] - Attempting to start MySQL...
2025-08-20 22:01:16,293 [INFO] - Service MySQL started successfully.
2025-08-20 22:01:17,303 [INFO] - Attempting to start Apache...
2025-08-20 22:01:17,303 [INFO] - Started Apache with PID 15128.
2025-08-20 22:01:18,316 [INFO] - Attempting to start Backend...
2025-08-20 22:01:18,316 [INFO] - Started Backend with PID 14304.
2025-08-20 22:01:19,328 [INFO] - Attempting to start Frontend...
2025-08-20 22:01:19,328 [INFO] - Started Frontend with PID 3312.
2025-08-20 22:01:20,339 [INFO] - Attempting to start Auth Server...
2025-08-20 22:01:20,339 [INFO] - Started Auth Server with PID 8396.
2025-08-20 22:01:21,351 [INFO] - Attempting to start World Server...
2025-08-20 22:01:21,351 [INFO] - Started World Server with PID 1488.
2025-08-20 22:01:21,351 [INFO] - All server start commands issued.
2025-08-20 22:01:21,351 [INFO] - All server start commands issued.
2025-08-20 22:02:37,602 [INFO] - Attempting to start all configured servers...
2025-08-20 22:02:38,620 [INFO] - Attempting to start MySQL...
2025-08-20 22:02:38,635 [ERROR] - ERROR starting MySQL: Command '['net', 'start', 'MySQL84']' returned non-zero exit status 2.
2025-08-20 22:02:39,643 [INFO] - Attempting to start Apache...
2025-08-20 22:02:39,643 [INFO] - Apache process (PID: 15128) already running. No action taken.
2025-08-20 22:02:40,652 [INFO] - Attempting to start Backend...
2025-08-20 22:02:40,652 [INFO] - Backend process (PID: 14304) already running. No action taken.
2025-08-20 22:02:41,664 [INFO] - Attempting to start Frontend...
2025-08-20 22:02:41,664 [INFO] - Frontend process (PID: 3312) already running. No action taken.
2025-08-20 22:02:42,681 [INFO] - Attempting to start Auth Server...
2025-08-20 22:02:42,681 [INFO] - Auth Server process (PID: 8396) already running. No action taken.
2025-08-20 22:02:43,694 [INFO] - Attempting to start World Server...
2025-08-20 22:02:43,694 [INFO] - World Server process (PID: 1488) already running. No action taken.
2025-08-20 22:02:43,699 [INFO] - All server start commands issued.
2025-08-20 22:02:43,703 [INFO] - All server start commands issued.
2025-08-20 22:05:54,152 [ERROR] - An unexpected error occurred loading config: 'bool' object has no attribute 'get'. Using default config.
2025-08-20 22:05:54,152 [INFO] - Configuration saved to C:\WISE\Server-Launcher\server_config.json
2025-08-20 22:05:54,538 [ERROR] - An unexpected error occurred loading config: 'bool' object has no attribute 'get'. Using default config.
2025-08-20 22:05:54,538 [INFO] - Configuration saved to C:\WISE\Server-Launcher\server_config.json
2025-08-20 22:05:54,710 [INFO] - 런처 시작. 서버 모니터링 중...
2025-08-20 22:05:59,740 [INFO] - Attempting to start MySQL...
2025-08-20 22:05:59,755 [ERROR] - ERROR starting MySQL: Command '['net', 'start', 'MySQL84']' returned non-zero exit status 2.
2025-08-20 22:06:06,701 [INFO] - Attempting to start Apache...
2025-08-20 22:06:06,701 [INFO] - Started Apache with PID 10192.
2025-08-20 22:06:13,077 [INFO] - Attempting to start Apache...
2025-08-20 22:06:13,296 [INFO] - Apache process (PID: 10192) already running. No action taken.
2025-08-20 22:06:22,127 [INFO] - Attempting to start Backend...
2025-08-20 22:06:22,127 [INFO] - Started Backend with PID 16296.
2025-08-20 22:06:26,144 [INFO] - Attempting to start Backend...
2025-08-20 22:06:26,191 [INFO] - Backend process (PID: 16296) already running. No action taken.
2025-08-20 22:06:29,721 [INFO] - Attempting to start Frontend...
2025-08-20 22:06:29,721 [INFO] - Started Frontend with PID 12064.
2025-08-20 22:06:41,129 [INFO] - Attempting to start Frontend...
2025-08-20 22:06:41,176 [INFO] - Frontend process (PID: 12064) already running. No action taken.
2025-08-20 22:06:44,086 [INFO] - Attempting to start Auth Server...
2025-08-20 22:06:44,102 [INFO] - Started Auth Server with PID 15304.
2025-08-20 22:06:48,249 [INFO] - Attempting to start World Server...
2025-08-20 22:06:48,249 [INFO] - Started World Server with PID 6132.
2025-08-20 22:10:38,953 [ERROR] - An unexpected error occurred loading config: 'bool' object has no attribute 'get'. Using default config.
2025-08-20 22:10:38,954 [INFO] - Configuration saved to C:\WISE\Server-Launcher\server_config.json
2025-08-20 22:10:39,339 [ERROR] - An unexpected error occurred loading config: 'bool' object has no attribute 'get'. Using default config.
2025-08-20 22:10:39,340 [INFO] - Configuration saved to C:\WISE\Server-Launcher\server_config.json
2025-08-20 22:10:39,602 [INFO] - 런처 시작. 서버 모니터링 중...
2025-08-20 22:12:21,011 [ERROR] - An unexpected error occurred loading config: 'bool' object has no attribute 'get'. Using default config.
2025-08-20 22:12:21,011 [INFO] - Configuration saved to C:\WISE\Server-Launcher\server_config.json
2025-08-20 22:12:21,401 [ERROR] - An unexpected error occurred loading config: 'bool' object has no attribute 'get'. Using default config.
2025-08-20 22:12:21,401 [INFO] - Configuration saved to C:\WISE\Server-Launcher\server_config.json
2025-08-20 22:12:21,558 [INFO] - 런처 시작. 서버 모니터링 중...
2025-08-20 22:15:01,588 [ERROR] - An unexpected error occurred loading config: 'bool' object has no attribute 'get'. Using default config.
2025-08-20 22:15:01,588 [INFO] - Configuration saved to C:\WISE\Server-Launcher\server_config.json
2025-08-20 22:15:01,979 [ERROR] - An unexpected error occurred loading config: 'bool' object has no attribute 'get'. Using default config.
2025-08-20 22:15:01,979 [INFO] - Configuration saved to C:\WISE\Server-Launcher\server_config.json
2025-08-20 22:15:02,166 [INFO] - 런처 시작. 서버 모니터링 중...
2025-08-20 22:21:32,447 [ERROR] - An unexpected error occurred loading config: 'bool' object has no attribute 'get'. Using default config.
2025-08-20 22:21:32,447 [INFO] - Configuration saved to C:\WISE\Server-Launcher\server_config.json
2025-08-20 22:21:32,837 [ERROR] - An unexpected error occurred loading config: 'bool' object has no attribute 'get'. Using default config.
2025-08-20 22:21:32,837 [INFO] - Configuration saved to C:\WISE\Server-Launcher\server_config.json
2025-08-20 22:21:32,993 [INFO] - 런처 시작. 서버 모니터링 중...
2025-08-20 22:22:57,557 [ERROR] - An unexpected error occurred loading config: 'bool' object has no attribute 'get'. Using default config.
2025-08-20 22:22:57,557 [INFO] - Configuration saved to C:\WISE\Server-Launcher\server_config.json
2025-08-20 22:22:57,947 [ERROR] - An unexpected error occurred loading config: 'bool' object has no attribute 'get'. Using default config.
2025-08-20 22:22:57,947 [INFO] - Configuration saved to C:\WISE\Server-Launcher\server_config.json
2025-08-20 22:22:58,072 [INFO] - 런처 시작. 서버 모니터링 중...
2025-08-20 22:23:07,024 [INFO] - Attempting to start all configured servers...
2025-08-20 22:23:08,050 [INFO] - Attempting to start MySQL...
2025-08-20 22:23:08,066 [ERROR] - ERROR starting MySQL: Command '['net', 'start', 'MySQL84']' returned non-zero exit status 2.
2025-08-20 22:23:09,073 [INFO] - Attempting to start Apache...
2025-08-20 22:23:09,073 [INFO] - Started Apache with PID 16184.
2025-08-20 22:23:10,087 [INFO] - Attempting to start Backend...
2025-08-20 22:23:10,087 [INFO] - Started Backend with PID 8788.
2025-08-20 22:23:11,097 [INFO] - Attempting to start Frontend...
2025-08-20 22:23:11,097 [INFO] - Started Frontend with PID 7128.
2025-08-20 22:23:12,107 [INFO] - Attempting to start Auth Server...
2025-08-20 22:23:12,107 [INFO] - Started Auth Server with PID 15936.
2025-08-20 22:23:13,119 [INFO] - Attempting to start World Server...
2025-08-20 22:23:13,119 [INFO] - Started World Server with PID 14728.
2025-08-20 22:23:13,119 [INFO] - All server start commands issued.
2025-08-20 22:23:13,119 [INFO] - All server start commands issued.
2025-08-20 22:33:11,513 [ERROR] - An unexpected error occurred loading config: 'bool' object has no attribute 'get'. Using default config.
2025-08-20 22:33:11,513 [INFO] - Configuration saved to C:\WISE\Server-Launcher\server_config.json
2025-08-20 22:33:11,904 [ERROR] - An unexpected error occurred loading config: 'bool' object has no attribute 'get'. Using default config.
2025-08-20 22:33:11,904 [INFO] - Configuration saved to C:\WISE\Server-Launcher\server_config.json
2025-08-20 22:33:12,029 [INFO] - 런처 시작. 서버 모니터링 중...
2025-08-20 22:33:16,185 [INFO] - Attempting to start all configured servers...
2025-08-20 22:33:16,185 [INFO] - Attempting to start MySQL...
2025-08-20 22:33:16,201 [ERROR] - ERROR starting MySQL: Command '['net', 'start', 'MySQL84']' returned non-zero exit status 2.
2025-08-20 22:33:27,067 [INFO] - Attempting to stop MySQL...
2025-08-20 22:33:29,586 [INFO] - Service MySQL stopped successfully.
2025-08-20 22:33:31,229 [WARNING] - Timeout waiting for MySQL to reach 실행 중.
2025-08-20 22:33:31,463 [INFO] - Attempting to start all configured servers...
2025-08-20 22:33:31,479 [INFO] - Attempting to start MySQL...
2025-08-20 22:33:32,238 [INFO] - Attempting to start Apache...
2025-08-20 22:33:32,238 [INFO] - Started Apache with PID 13796.
2025-08-20 22:33:34,041 [INFO] - Service MySQL started successfully.
2025-08-20 22:33:47,250 [WARNING] - Timeout waiting for Apache to reach 실행 중.
2025-08-20 22:33:48,257 [INFO] - Attempting to start Backend...
2025-08-20 22:33:48,257 [INFO] - Started Backend with PID 14924.
2025-08-20 22:33:49,059 [WARNING] - Timeout waiting for MySQL to reach 실행 중.
2025-08-20 22:33:50,066 [INFO] - Attempting to start Apache...
2025-08-20 22:33:50,363 [INFO] - Apache process (PID: 13796) already running. No action taken.
2025-08-20 22:34:03,276 [WARNING] - Timeout waiting for Backend to reach 실행 중.
2025-08-20 22:34:04,284 [INFO] - Attempting to start Frontend...
2025-08-20 22:34:04,284 [INFO] - Started Frontend with PID 14476.
2025-08-20 22:34:05,384 [WARNING] - Timeout waiting for Apache to reach 실행 중.
2025-08-20 22:34:06,391 [INFO] - Attempting to start Backend...
2025-08-20 22:34:06,516 [INFO] - Backend process (PID: 14924) already running. No action taken.
2025-08-20 22:34:19,302 [WARNING] - Timeout waiting for Frontend to reach 실행 중.
2025-08-20 22:34:20,311 [INFO] - Attempting to start Auth Server...
2025-08-20 22:34:20,311 [INFO] - Started Auth Server with PID 14124.
2025-08-20 22:34:21,535 [WARNING] - Timeout waiting for Backend to reach 실행 중.
2025-08-20 22:34:22,544 [INFO] - Attempting to start Frontend...
2025-08-20 22:34:22,638 [INFO] - Frontend process (PID: 14476) already running. No action taken.
2025-08-20 22:34:35,326 [WARNING] - Timeout waiting for Auth Server to reach 실행 중.
2025-08-20 22:34:36,335 [INFO] - Attempting to start World Server...
2025-08-20 22:34:36,335 [INFO] - Started World Server with PID 1472.
2025-08-20 22:34:37,661 [WARNING] - Timeout waiting for Frontend to reach 실행 중.
2025-08-20 22:34:38,673 [INFO] - Attempting to start Auth Server...
2025-08-20 22:34:38,787 [INFO] - Auth Server process (PID: 14124) already running. No action taken.
2025-08-20 22:34:51,350 [WARNING] - Timeout waiting for World Server to reach 실행 중.
2025-08-20 22:34:52,360 [INFO] - All server start commands issued.
2025-08-20 22:34:52,360 [INFO] - All server start commands issued.
2025-08-20 22:34:53,793 [WARNING] - Timeout waiting for Auth Server to reach 실행 중.
2025-08-20 22:34:54,809 [INFO] - Attempting to start World Server...
2025-08-20 22:34:54,892 [INFO] - World Server process (PID: 1472) already running. No action taken.
2025-08-20 22:35:09,898 [WARNING] - Timeout waiting for World Server to reach 실행 중.
2025-08-20 22:35:10,908 [INFO] - All server start commands issued.
2025-08-20 22:35:10,908 [INFO] - All server start commands issued.
2025-08-20 22:40:57,931 [ERROR] - An unexpected error occurred loading config: 'bool' object has no attribute 'get'. Using default config.
2025-08-20 22:40:57,931 [INFO] - Configuration saved to C:\WISE\Server-Launcher\server_config.json
2025-08-20 22:40:58,337 [ERROR] - An unexpected error occurred loading config: 'bool' object has no attribute 'get'. Using default config.
2025-08-20 22:40:58,337 [INFO] - Configuration saved to C:\WISE\Server-Launcher\server_config.json
2025-08-20 22:40:58,571 [INFO] - 런처 시작. 서버 모니터링 중...
2025-08-20 22:45:11,574 [ERROR] - An unexpected error occurred loading config: 'bool' object has no attribute 'get'. Using default config.
2025-08-20 22:45:11,574 [INFO] - Configuration saved to C:\WISE\Server-Launcher\server_config.json
2025-08-20 22:45:11,976 [ERROR] - An unexpected error occurred loading config: 'bool' object has no attribute 'get'. Using default config.
2025-08-20 22:45:11,976 [INFO] - Configuration saved to C:\WISE\Server-Launcher\server_config.json
2025-08-20 22:45:12,101 [INFO] - 런처 시작. 서버 모니터링 중...
2025-08-20 22:45:15,819 [INFO] - Attempting to start all configured servers...
2025-08-20 22:45:15,835 [INFO] - Attempting to start MySQL...
2025-08-20 22:45:15,850 [ERROR] - ERROR starting MySQL: Command '['net', 'start', 'MySQL84']' returned non-zero exit status 2.
2025-08-20 22:45:30,875 [WARNING] - Timeout waiting for MySQL to reach 실행 중.
2025-08-20 22:45:30,875 [INFO] - Attempting to start Apache...
2025-08-20 22:45:30,890 [INFO] - Started Apache with PID 15152.
2025-08-20 22:45:45,900 [WARNING] - Timeout waiting for Apache to reach 실행 중.
2025-08-20 22:45:45,900 [INFO] - Attempting to start Backend...
2025-08-20 22:45:45,900 [INFO] - Started Backend with PID 15652.
2025-08-20 22:46:00,923 [WARNING] - Timeout waiting for Backend to reach 실행 중.
2025-08-20 22:46:00,923 [INFO] - Attempting to start Frontend...
2025-08-20 22:46:00,923 [INFO] - Started Frontend with PID 16340.
2025-08-20 22:46:15,950 [WARNING] - Timeout waiting for Frontend to reach 실행 중.
2025-08-20 22:46:15,962 [INFO] - Attempting to start Auth Server...
2025-08-20 22:46:15,964 [INFO] - Started Auth Server with PID 1180.
2025-08-20 22:46:30,977 [WARNING] - Timeout waiting for Auth Server to reach 실행 중.
2025-08-20 22:46:30,990 [INFO] - Attempting to start World Server...
2025-08-20 22:46:30,991 [INFO] - Started World Server with PID 14948.
2025-08-20 22:46:45,832 [INFO] - Start All/Stop All buttons re-enabled.
2025-08-20 22:46:46,005 [WARNING] - Timeout waiting for World Server to reach 실행 중.
2025-08-20 22:46:46,012 [INFO] - All server start commands issued.
2025-08-20 22:51:21,882 [ERROR] - An unexpected error occurred loading config: 'bool' object has no attribute 'get'. Using default config.
2025-08-20 22:51:21,882 [INFO] - Configuration saved to C:\WISE\Server-Launcher\server_config.json
2025-08-20 22:51:22,272 [ERROR] - An unexpected error occurred loading config: 'bool' object has no attribute 'get'. Using default config.
2025-08-20 22:51:22,272 [INFO] - Configuration saved to C:\WISE\Server-Launcher\server_config.json
2025-08-20 22:51:22,409 [INFO] - 런처 시작. 서버 모니터링 중...
2025-08-20 22:51:27,957 [INFO] - Attempting to start all configured servers...
2025-08-20 22:51:27,972 [INFO] - Attempting to start MySQL...
2025-08-20 22:51:27,988 [ERROR] - ERROR starting MySQL: Command '['net', 'start', 'MySQL84']' returned non-zero exit status 2.
2025-08-20 22:51:43,035 [WARNING] - Timeout waiting for MySQL to reach 실행 중.
2025-08-20 22:51:43,035 [INFO] - Attempting to start Apache...
2025-08-20 22:51:43,035 [INFO] - Started Apache with PID 13928.
2025-08-20 22:51:58,116 [WARNING] - Timeout waiting for Apache to reach 실행 중.
2025-08-20 22:51:58,131 [INFO] - Attempting to start Backend...
2025-08-20 22:51:58,147 [INFO] - Started Backend with PID 8068.
2025-08-20 22:52:13,223 [WARNING] - Timeout waiting for Backend to reach 실행 중.
2025-08-20 22:52:13,223 [INFO] - Attempting to start Frontend...
2025-08-20 22:52:13,223 [INFO] - Started Frontend with PID 14172.
2025-08-20 22:52:28,295 [WARNING] - Timeout waiting for Frontend to reach 실행 중.
2025-08-20 22:52:28,295 [INFO] - Attempting to start Auth Server...
2025-08-20 22:52:28,295 [INFO] - Started Auth Server with PID 1312.
2025-08-20 22:52:43,388 [WARNING] - Timeout waiting for Auth Server to reach 실행 중.
2025-08-20 22:52:43,388 [INFO] - Attempting to start World Server...
2025-08-20 22:52:43,388 [INFO] - Started World Server with PID 8120.
2025-08-20 22:52:57,970 [INFO] - Start All/Stop All buttons re-enabled.
2025-08-20 22:52:58,413 [WARNING] - Timeout waiting for World Server to reach 실행 중.
2025-08-20 22:52:58,420 [INFO] - All server start commands issued.
2025-08-20 22:55:21,269 [INFO] - Attempting to stop all configured servers...
2025-08-20 22:55:21,285 [INFO] - Attempting to stop World Server...
2025-08-20 22:55:21,286 [INFO] - Terminating World Server process tree with parent PID 8120...
2025-08-20 22:55:36,521 [WARNING] - Timeout waiting for World Server to reach 정지됨.
2025-08-20 22:55:36,537 [INFO] - Attempting to stop Auth Server...
2025-08-20 22:55:36,537 [INFO] - Terminating Auth Server process tree with parent PID 1312...
2025-08-20 22:55:51,643 [WARNING] - Timeout waiting for Auth Server to reach 정지됨.
2025-08-20 22:55:51,659 [INFO] - Attempting to stop Frontend...
2025-08-20 22:55:51,659 [INFO] - Terminating Frontend process tree with parent PID 14172...
2025-08-20 22:55:51,659 [INFO] - Terminating child process node.exe with PID 3376
2025-08-20 22:55:51,674 [INFO] - Terminating child process cmd.exe with PID 3276
2025-08-20 22:55:51,674 [WARNING] - Process with PID 14172 not found, it might have already been stopped.
2025-08-20 22:56:06,682 [WARNING] - Timeout waiting for Frontend to reach 정지됨.
2025-08-20 22:56:06,697 [INFO] - Attempting to stop Backend...
2025-08-20 22:56:06,697 [INFO] - Terminating Backend process tree with parent PID 8068...
2025-08-20 22:56:06,697 [INFO] - Terminating child process node.exe with PID 8416
2025-08-20 22:56:21,813 [WARNING] - Timeout waiting for Backend to reach 정지됨.
2025-08-20 22:56:21,813 [INFO] - Attempting to stop Apache...
2025-08-20 22:56:21,813 [INFO] - Terminating Apache process tree with parent PID 13928...
2025-08-20 22:56:21,829 [INFO] - Terminating child process httpd.exe with PID 1668
2025-08-20 22:56:21,829 [INFO] - Terminating child process httpd.exe with PID 14480
2025-08-20 22:56:36,890 [WARNING] - Timeout waiting for Apache to reach 정지됨.
2025-08-20 22:56:36,906 [INFO] - Attempting to stop MySQL...
2025-08-20 22:56:39,428 [INFO] - Service MySQL stopped successfully.
2025-08-20 22:56:51,271 [INFO] - Start All/Stop All buttons re-enabled.
2025-08-20 22:56:54,468 [WARNING] - Timeout waiting for MySQL to reach 정지됨.
2025-08-20 22:56:54,468 [INFO] - All server stop commands issued.
2025-08-20 23:01:43,518 [ERROR] - An unexpected error occurred loading config: 'bool' object has no attribute 'get'. Using default config.
2025-08-20 23:01:43,518 [INFO] - Configuration saved to C:\WISE\Server-Launcher\server_config.json
2025-08-20 23:01:43,909 [ERROR] - An unexpected error occurred loading config: 'bool' object has no attribute 'get'. Using default config.
2025-08-20 23:01:43,909 [INFO] - Configuration saved to C:\WISE\Server-Launcher\server_config.json
2025-08-20 23:01:44,034 [INFO] - 런처 시작. 서버 모니터링 중...
2025-08-20 23:01:47,959 [INFO] - Attempting to stop all configured servers...
2025-08-20 23:01:47,959 [INFO] - Attempting to stop World Server...
2025-08-20 23:01:47,974 [WARNING] - No running process found for World Server to terminate via fallback.
2025-08-20 23:02:03,004 [WARNING] - Timeout waiting for World Server to reach 정지됨.
2025-08-20 23:02:03,004 [INFO] - Attempting to stop Auth Server...
2025-08-20 23:02:03,020 [WARNING] - No running process found for Auth Server to terminate via fallback.
2025-08-20 23:02:18,131 [WARNING] - Timeout waiting for Auth Server to reach 정지됨.
2025-08-20 23:02:18,131 [INFO] - Attempting to stop Frontend...
2025-08-20 23:02:18,147 [WARNING] - No running process found for Frontend to terminate via fallback.
2025-08-20 23:02:33,157 [WARNING] - Timeout waiting for Frontend to reach 정지됨.
2025-08-20 23:02:33,157 [INFO] - Attempting to stop Backend...
2025-08-20 23:02:33,173 [WARNING] - No running process found for Backend to terminate via fallback.
2025-08-20 23:02:48,194 [WARNING] - Timeout waiting for Backend to reach 정지됨.
2025-08-20 23:02:48,194 [INFO] - Attempting to stop Apache...
2025-08-20 23:02:48,225 [INFO] - Executed stop command for Apache.
2025-08-20 23:03:03,285 [WARNING] - Timeout waiting for Apache to reach 정지됨.
2025-08-20 23:03:03,285 [INFO] - Attempting to stop MySQL...
2025-08-20 23:03:03,300 [ERROR] - ERROR stopping MySQL: Command '['net', 'stop', 'MySQL84']' returned non-zero exit status 2.
2025-08-20 23:03:17,966 [INFO] - Start All/Stop All buttons re-enabled.
2025-08-20 23:03:18,354 [WARNING] - Timeout waiting for MySQL to reach 정지됨.
2025-08-20 23:03:18,354 [INFO] - All server stop commands issued.
2025-08-20 23:05:11,883 [ERROR] - An unexpected error occurred loading config: 'bool' object has no attribute 'get'. Using default config.
2025-08-20 23:05:11,883 [INFO] - Configuration saved to C:\WISE\Server-Launcher\server_config.json
2025-08-20 23:05:12,274 [ERROR] - An unexpected error occurred loading config: 'bool' object has no attribute 'get'. Using default config.
2025-08-20 23:05:12,274 [INFO] - Configuration saved to C:\WISE\Server-Launcher\server_config.json
2025-08-20 23:05:12,414 [INFO] - 런처 시작. 서버 모니터링 중...
2025-08-20 23:05:15,957 [INFO] - Attempting to stop all configured servers...
2025-08-20 23:05:15,973 [INFO] - Attempting to stop World Server...
2025-08-20 23:05:15,989 [WARNING] - No running process found for World Server to terminate via fallback.
2025-08-20 23:05:30,989 [WARNING] - Timeout waiting for World Server to reach 정지됨.
2025-08-20 23:05:31,004 [INFO] - Attempting to stop Auth Server...
2025-08-20 23:05:31,020 [WARNING] - No running process found for Auth Server to terminate via fallback.
2025-08-20 23:05:46,071 [WARNING] - Timeout waiting for Auth Server to reach 정지됨.
2025-08-20 23:05:46,086 [INFO] - Attempting to stop Frontend...
2025-08-20 23:05:46,102 [WARNING] - No running process found for Frontend to terminate via fallback.
2025-08-20 23:06:01,119 [WARNING] - Timeout waiting for Frontend to reach 정지됨.
2025-08-20 23:06:01,134 [INFO] - Attempting to stop Backend...
2025-08-20 23:06:01,150 [WARNING] - No running process found for Backend to terminate via fallback.
2025-08-20 23:06:16,158 [WARNING] - Timeout waiting for Backend to reach 정지됨.
2025-08-20 23:06:16,172 [INFO] - Attempting to stop Apache...
2025-08-20 23:06:16,203 [INFO] - Executed stop command for Apache.
2025-08-20 23:06:31,256 [WARNING] - Timeout waiting for Apache to reach 정지됨.
2025-08-20 23:06:31,256 [INFO] - Attempting to stop MySQL...
2025-08-20 23:06:31,271 [ERROR] - ERROR stopping MySQL: Command '['net', 'stop', 'MySQL84']' returned non-zero exit status 2.
2025-08-20 23:06:45,971 [INFO] - Start All/Stop All buttons re-enabled.
2025-08-20 23:06:46,328 [WARNING] - Timeout waiting for MySQL to reach 정지됨.
2025-08-20 23:06:46,328 [INFO] - All server stop commands issued.
2025-08-20 23:07:31,011 [ERROR] - An unexpected error occurred loading config: 'bool' object has no attribute 'get'. Using default config.
2025-08-20 23:07:31,011 [INFO] - Configuration saved to C:\WISE\Server-Launcher\server_config.json
2025-08-20 23:07:31,402 [ERROR] - An unexpected error occurred loading config: 'bool' object has no attribute 'get'. Using default config.
2025-08-20 23:07:31,402 [INFO] - Configuration saved to C:\WISE\Server-Launcher\server_config.json
2025-08-20 23:07:31,527 [INFO] - 런처 시작. 서버 모니터링 중...
2025-08-20 23:07:34,399 [INFO] - Attempting to stop all configured servers...
2025-08-20 23:07:34,430 [INFO] - Attempting to stop World Server...
2025-08-20 23:07:34,445 [WARNING] - No running process found for World Server to terminate via fallback.
2025-08-20 23:07:39,498 [WARNING] - Timeout waiting for World Server to reach 정지됨.
2025-08-20 23:07:39,514 [INFO] - Attempting to stop Auth Server...
2025-08-20 23:07:39,529 [WARNING] - No running process found for Auth Server to terminate via fallback.
2025-08-20 23:07:44,579 [WARNING] - Timeout waiting for Auth Server to reach 정지됨.
2025-08-20 23:07:44,594 [INFO] - Attempting to stop Frontend...
2025-08-20 23:07:44,610 [WARNING] - No running process found for Frontend to terminate via fallback.
2025-08-20 23:07:49,662 [WARNING] - Timeout waiting for Frontend to reach 정지됨.
2025-08-20 23:07:49,678 [INFO] - Attempting to stop Backend...
2025-08-20 23:07:49,693 [WARNING] - No running process found for Backend to terminate via fallback.
2025-08-20 23:07:54,750 [WARNING] - Timeout waiting for Backend to reach 정지됨.
2025-08-20 23:07:54,766 [INFO] - Attempting to stop Apache...
2025-08-20 23:07:54,781 [INFO] - Executed stop command for Apache.
2025-08-20 23:07:59,842 [WARNING] - Timeout waiting for Apache to reach 정지됨.
2025-08-20 23:07:59,842 [INFO] - Attempting to stop MySQL...
2025-08-20 23:07:59,857 [ERROR] - ERROR stopping MySQL: Command '['net', 'stop', 'MySQL84']' returned non-zero exit status 2.
2025-08-20 23:08:04,925 [WARNING] - Timeout waiting for MySQL to reach 정지됨.
2025-08-20 23:08:04,925 [INFO] - All server stop commands issued.
2025-08-20 23:08:49,943 [ERROR] - An unexpected error occurred loading config: 'bool' object has no attribute 'get'. Using default config.
2025-08-20 23:08:49,943 [INFO] - Configuration saved to C:\WISE\Server-Launcher\server_config.json
2025-08-20 23:08:50,334 [ERROR] - An unexpected error occurred loading config: 'bool' object has no attribute 'get'. Using default config.
2025-08-20 23:08:50,334 [INFO] - Configuration saved to C:\WISE\Server-Launcher\server_config.json
2025-08-20 23:08:50,459 [INFO] - 런처 시작. 서버 모니터링 중...
2025-08-20 23:22:39,419 [ERROR] - An unexpected error occurred loading config: 'bool' object has no attribute 'get'. Using default config.
2025-08-20 23:22:39,419 [INFO] - Configuration saved to C:\WISE\Server-Launcher\server_config.json
2025-08-20 23:22:39,810 [ERROR] - An unexpected error occurred loading config: 'bool' object has no attribute 'get'. Using default config.
2025-08-20 23:22:39,810 [INFO] - Configuration saved to C:\WISE\Server-Launcher\server_config.json
2025-08-20 23:22:39,966 [INFO] - 런처 시작. 서버 모니터링 중...
2025-08-20 23:22:41,437 [INFO] - Attempting to stop all configured servers...
2025-08-20 23:22:41,468 [INFO] - Attempting to stop World Server...
2025-08-20 23:22:41,484 [WARNING] - No running process found for World Server to terminate via fallback.
2025-08-20 23:22:43,542 [WARNING] - Timeout waiting for World Server to reach 정지됨.
2025-08-20 23:22:43,557 [INFO] - Attempting to stop Auth Server...
2025-08-20 23:22:43,573 [WARNING] - No running process found for Auth Server to terminate via fallback.
2025-08-20 23:22:45,628 [WARNING] - Timeout waiting for Auth Server to reach 정지됨.
2025-08-20 23:22:45,644 [INFO] - Attempting to stop Frontend...
2025-08-20 23:22:45,660 [WARNING] - No running process found for Frontend to terminate via fallback.
2025-08-20 23:22:47,721 [WARNING] - Timeout waiting for Frontend to reach 정지됨.
2025-08-20 23:22:47,736 [INFO] - Attempting to stop Backend...
2025-08-20 23:22:47,752 [WARNING] - No running process found for Backend to terminate via fallback.
2025-08-20 23:22:49,810 [WARNING] - Timeout waiting for Backend to reach 정지됨.
2025-08-20 23:22:49,826 [INFO] - Attempting to stop Apache...
2025-08-20 23:22:49,841 [INFO] - Executed stop command for Apache.
2025-08-20 23:22:51,919 [WARNING] - Timeout waiting for Apache to reach 정지됨.
2025-08-20 23:22:51,919 [INFO] - Attempting to stop MySQL...
2025-08-20 23:22:51,935 [ERROR] - ERROR stopping MySQL: Command '['net', 'stop', 'MySQL84']' returned non-zero exit status 2.
2025-08-20 23:22:53,963 [WARNING] - Timeout waiting for MySQL to reach 정지됨.
2025-08-20 23:22:53,963 [INFO] - All server stop commands issued.
2025-08-20 23:22:56,440 [INFO] - Start All/Stop All buttons re-enabled.
2025-08-20 23:22:59,783 [INFO] - Attempting to start all configured servers...
2025-08-20 23:22:59,798 [INFO] - Attempting to start MySQL...
2025-08-20 23:23:02,358 [INFO] - Service MySQL started successfully.
2025-08-20 23:23:04,379 [WARNING] - Timeout waiting for MySQL to reach 실행 중.
2025-08-20 23:23:04,395 [INFO] - Attempting to start Apache...
2025-08-20 23:23:04,395 [INFO] - Started Apache with PID 11724.
2025-08-20 23:23:06,417 [WARNING] - Timeout waiting for Apache to reach 실행 중.
2025-08-20 23:23:06,432 [INFO] - Attempting to start Backend...
2025-08-20 23:23:06,432 [INFO] - Started Backend with PID 10084.
2025-08-20 23:23:08,452 [WARNING] - Timeout waiting for Backend to reach 실행 중.
2025-08-20 23:23:08,468 [INFO] - Attempting to start Frontend...
2025-08-20 23:23:08,468 [INFO] - Started Frontend with PID 3564.
2025-08-20 23:23:10,481 [WARNING] - Timeout waiting for Frontend to reach 실행 중.
2025-08-20 23:23:10,497 [INFO] - Attempting to start Auth Server...
2025-08-20 23:23:10,497 [INFO] - Started Auth Server with PID 15644.
2025-08-20 23:23:12,515 [WARNING] - Timeout waiting for Auth Server to reach 실행 중.
2025-08-20 23:23:12,531 [INFO] - Attempting to start World Server...
2025-08-20 23:23:12,546 [INFO] - Started World Server with PID 16284.
2025-08-20 23:23:14,562 [WARNING] - Timeout waiting for World Server to reach 실행 중.
2025-08-20 23:23:14,562 [INFO] - All server start commands issued.
2025-08-20 23:23:14,789 [INFO] - Start All/Stop All buttons re-enabled.
2025-08-20 23:23:30,271 [INFO] - Attempting to stop all configured servers...
2025-08-20 23:23:30,298 [INFO] - Attempting to stop World Server...
2025-08-20 23:23:30,299 [INFO] - Terminating World Server process tree with parent PID 16284...
2025-08-20 23:23:32,455 [WARNING] - Timeout waiting for World Server to reach 정지됨.
2025-08-20 23:23:32,455 [INFO] - Attempting to stop Auth Server...
2025-08-20 23:23:32,455 [INFO] - Terminating Auth Server process tree with parent PID 15644...
2025-08-20 23:23:34,541 [WARNING] - Timeout waiting for Auth Server to reach 정지됨.
2025-08-20 23:23:34,541 [INFO] - Attempting to stop Frontend...
2025-08-20 23:23:34,541 [INFO] - Terminating Frontend process tree with parent PID 3564...
2025-08-20 23:23:34,541 [INFO] - Terminating child process node.exe with PID 15980
2025-08-20 23:23:34,541 [INFO] - Terminating child process cmd.exe with PID 1504
2025-08-20 23:23:34,557 [WARNING] - Process with PID 3564 not found, it might have already been stopped.
2025-08-20 23:23:36,643 [WARNING] - Timeout waiting for Frontend to reach 정지됨.
2025-08-20 23:23:36,643 [INFO] - Attempting to stop Backend...
2025-08-20 23:23:36,643 [INFO] - Terminating Backend process tree with parent PID 10084...
2025-08-20 23:23:36,658 [INFO] - Terminating child process node.exe with PID 2972
2025-08-20 23:23:38,725 [WARNING] - Timeout waiting for Backend to reach 정지됨.
2025-08-20 23:23:38,725 [INFO] - Attempting to stop Apache...
2025-08-20 23:23:38,725 [INFO] - Terminating Apache process tree with parent PID 11724...
2025-08-20 23:23:38,725 [INFO] - Terminating child process httpd.exe with PID 14864
2025-08-20 23:23:38,725 [INFO] - Terminating child process httpd.exe with PID 8444
2025-08-20 23:23:40,805 [WARNING] - Timeout waiting for Apache to reach 정지됨.
2025-08-20 23:23:40,837 [INFO] - Attempting to stop MySQL...
2025-08-20 23:23:43,363 [INFO] - Service MySQL stopped successfully.
2025-08-20 23:23:45,277 [INFO] - Start All/Stop All buttons re-enabled.
2025-08-20 23:23:45,385 [WARNING] - Timeout waiting for MySQL to reach 정지됨.
2025-08-20 23:23:45,385 [INFO] - All server stop commands issued.
2025-08-20 23:23:48,040 [INFO] - Quit confirmed. Initiating server shutdown...
2025-08-20 23:23:48,071 [INFO] - Attempting to stop all configured servers...
2025-08-20 23:23:48,071 [INFO] - All servers stop commands issued. Exiting application in 2 seconds...
2025-08-20 23:23:48,103 [INFO] - Attempting to stop World Server...
2025-08-20 23:23:48,118 [WARNING] - No running process found for World Server to terminate via fallback.
2025-08-20 23:36:09,043 [ERROR] - An unexpected error occurred loading config: 'bool' object has no attribute 'get'. Using default config.
2025-08-20 23:36:09,044 [INFO] - Configuration saved to C:\WISE\Server-Launcher\server_config.json
2025-08-20 23:36:09,433 [ERROR] - An unexpected error occurred loading config: 'bool' object has no attribute 'get'. Using default config.
2025-08-20 23:36:09,433 [INFO] - Configuration saved to C:\WISE\Server-Launcher\server_config.json
2025-08-20 23:36:09,661 [INFO] - 런처 시작. 서버 모니터링 중...
2025-08-20 23:36:19,009 [INFO] - Quit confirmed. Initiating server shutdown...
2025-08-20 23:36:19,031 [INFO] - Attempting to stop all configured servers...
2025-08-20 23:36:19,031 [INFO] - All servers stop commands issued. Exiting application...
2025-08-20 23:36:25,045 [ERROR] - An unexpected error occurred loading config: 'bool' object has no attribute 'get'. Using default config.
2025-08-20 23:36:25,046 [INFO] - Configuration saved to C:\WISE\Server-Launcher\server_config.json
2025-08-20 23:36:25,432 [ERROR] - An unexpected error occurred loading config: 'bool' object has no attribute 'get'. Using default config.
2025-08-20 23:36:25,432 [INFO] - Configuration saved to C:\WISE\Server-Launcher\server_config.json
2025-08-20 23:36:25,663 [INFO] - 런처 시작. 서버 모니터링 중...
2025-08-20 23:36:37,037 [INFO] - Quit confirmed. Initiating server shutdown...
2025-08-20 23:36:37,052 [INFO] - Attempting to stop all configured servers...
2025-08-20 23:36:37,053 [INFO] - All servers stop commands issued. Exiting application...
2025-08-20 23:36:42,147 [ERROR] - An unexpected error occurred loading config: 'bool' object has no attribute 'get'. Using default config.
2025-08-20 23:36:42,147 [INFO] - Configuration saved to C:\WISE\Server-Launcher\server_config.json
2025-08-20 23:36:42,534 [ERROR] - An unexpected error occurred loading config: 'bool' object has no attribute 'get'. Using default config.
2025-08-20 23:36:42,535 [INFO] - Configuration saved to C:\WISE\Server-Launcher\server_config.json
2025-08-20 23:36:42,763 [INFO] - 런처 시작. 서버 모니터링 중...
2025-08-20 23:36:46,224 [INFO] - Attempting to start all configured servers...
2025-08-20 23:36:46,239 [INFO] - Attempting to start MySQL...
2025-08-20 23:36:46,254 [ERROR] - ERROR starting MySQL: Command '['net', 'start', 'MySQL84']' returned non-zero exit status 2.
2025-08-20 23:36:48,278 [WARNING] - Timeout waiting for MySQL to reach 실행 중.
2025-08-20 23:36:48,302 [INFO] - Attempting to start Apache...
2025-08-20 23:36:48,304 [INFO] - Started Apache with PID 14820.
2025-08-20 23:36:50,316 [WARNING] - Timeout waiting for Apache to reach 실행 중.
2025-08-20 23:36:50,336 [INFO] - Attempting to start Backend...
2025-08-20 23:36:50,337 [INFO] - Started Backend with PID 14140.
2025-08-20 23:36:52,352 [WARNING] - Timeout waiting for Backend to reach 실행 중.
2025-08-20 23:36:52,372 [INFO] - Attempting to start Frontend...
2025-08-20 23:36:52,374 [INFO] - Started Frontend with PID 7056.
2025-08-20 23:36:54,389 [WARNING] - Timeout waiting for Frontend to reach 실행 중.
2025-08-20 23:36:54,416 [INFO] - Attempting to start Auth Server...
2025-08-20 23:36:54,419 [INFO] - Started Auth Server with PID 8976.
2025-08-20 23:36:56,434 [WARNING] - Timeout waiting for Auth Server to reach 실행 중.
2025-08-20 23:36:56,455 [INFO] - Attempting to start World Server...
2025-08-20 23:36:56,457 [INFO] - Started World Server with PID 1744.
2025-08-20 23:36:58,473 [WARNING] - Timeout waiting for World Server to reach 실행 중.
2025-08-20 23:36:58,473 [INFO] - All server start commands issued.
2025-08-20 23:37:01,226 [INFO] - Start All/Stop All buttons re-enabled.
2025-08-20 23:37:13,512 [INFO] - Quit confirmed. Initiating server shutdown...
2025-08-20 23:37:13,538 [INFO] - Attempting to stop all configured servers...
2025-08-20 23:37:13,540 [INFO] - All servers stop commands issued. Exiting application...
2025-08-20 23:37:25,263 [ERROR] - An unexpected error occurred loading config: 'bool' object has no attribute 'get'. Using default config.
2025-08-20 23:37:25,263 [INFO] - Configuration saved to C:\WISE\Server-Launcher\server_config.json
2025-08-20 23:37:25,686 [ERROR] - An unexpected error occurred loading config: 'bool' object has no attribute 'get'. Using default config.
2025-08-20 23:37:25,687 [INFO] - Configuration saved to C:\WISE\Server-Launcher\server_config.json
2025-08-20 23:37:25,922 [INFO] - 런처 시작. 서버 모니터링 중...
2025-08-20 23:40:24,081 [INFO] - Quit cancelled.
2025-08-20 23:40:25,577 [INFO] - Attempting to stop all configured servers...
2025-08-20 23:40:25,596 [INFO] - Attempting to stop World Server...
2025-08-20 23:40:25,602 [WARNING] - Found running process worldserver.exe with PID 1744. Terminating...
2025-08-20 23:40:25,603 [INFO] - Process World Server terminated via fallback method.
2025-08-20 23:40:27,619 [WARNING] - Timeout waiting for World Server to reach 정지됨.
2025-08-20 23:40:27,636 [INFO] - Attempting to stop Auth Server...
2025-08-20 23:40:27,648 [WARNING] - Found running process authserver.exe with PID 8976. Terminating...
2025-08-20 23:40:27,649 [INFO] - Process Auth Server terminated via fallback method.
2025-08-20 23:40:29,734 [WARNING] - Timeout waiting for Auth Server to reach 정지됨.
2025-08-20 23:40:29,759 [INFO] - Attempting to stop Frontend...
2025-08-20 23:40:29,776 [WARNING] - No running process found for Frontend to terminate via fallback.
2025-08-20 23:40:31,876 [WARNING] - Timeout waiting for Frontend to reach 정지됨.
2025-08-20 23:40:31,898 [INFO] - Attempting to stop Backend...
2025-08-20 23:40:31,914 [WARNING] - No running process found for Backend to terminate via fallback.
2025-08-20 23:40:34,012 [WARNING] - Timeout waiting for Backend to reach 정지됨.
2025-08-20 23:40:34,037 [INFO] - Attempting to stop Apache...
2025-08-20 23:40:34,059 [INFO] - Executed stop command for Apache.
2025-08-20 23:40:36,153 [WARNING] - Timeout waiting for Apache to reach 정지됨.
2025-08-20 23:40:36,160 [INFO] - Attempting to stop MySQL...
2025-08-20 23:40:40,580 [INFO] - Start All/Stop All buttons re-enabled.
2025-08-20 23:40:41,176 [INFO] - Service MySQL stopped successfully.
2025-08-20 23:40:43,199 [WARNING] - Timeout waiting for MySQL to reach 정지됨.
2025-08-20 23:40:43,199 [INFO] - All server stop commands issued.
2025-08-20 23:45:59,312 [ERROR] - An unexpected error occurred loading config: 'bool' object has no attribute 'get'. Using default config.
2025-08-20 23:45:59,312 [INFO] - Configuration saved to C:\WISE\Server-Launcher\server_config.json
2025-08-20 23:45:59,703 [ERROR] - An unexpected error occurred loading config: 'bool' object has no attribute 'get'. Using default config.
2025-08-20 23:45:59,703 [INFO] - Configuration saved to C:\WISE\Server-Launcher\server_config.json
2025-08-20 23:45:59,922 [INFO] - 런처 시작. 서버 모니터링 중...
2025-08-20 23:46:03,637 [INFO] - Attempting to start Backend...
2025-08-20 23:46:03,637 [INFO] - Started Backend with PID 15148.
2025-08-20 23:46:16,803 [INFO] - Attempting to stop Backend...
2025-08-20 23:46:16,819 [WARNING] - No running process found for Backend to terminate via fallback.
2025-08-20 23:46:18,553 [INFO] - Attempting to start MySQL...
2025-08-20 23:46:21,130 [INFO] - Service MySQL started successfully.
2025-08-20 23:46:23,348 [INFO] - Attempting to start Backend...
2025-08-20 23:46:23,348 [INFO] - Started Backend with PID 3196.
2025-08-20 23:46:33,339 [INFO] - All servers are stopped. Exiting launcher.
2025-08-20 23:46:46,248 [ERROR] - An unexpected error occurred loading config: 'bool' object has no attribute 'get'. Using default config.
2025-08-20 23:46:46,248 [INFO] - Configuration saved to C:\WISE\Server-Launcher\server_config.json
2025-08-20 23:46:46,644 [ERROR] - An unexpected error occurred loading config: 'bool' object has no attribute 'get'. Using default config.
2025-08-20 23:46:46,644 [INFO] - Configuration saved to C:\WISE\Server-Launcher\server_config.json
2025-08-20 23:46:46,873 [INFO] - 런처 시작. 서버 모니터링 중...
2025-08-20 23:46:55,267 [INFO] - Quit cancelled by user.
2025-08-20 23:47:01,956 [INFO] - Attempting to stop MySQL...
2025-08-20 23:47:07,006 [INFO] - Service MySQL stopped successfully.
2025-08-20 23:47:07,725 [INFO] - Attempting to stop all configured servers...
2025-08-20 23:47:07,756 [INFO] - Attempting to stop World Server...
2025-08-20 23:47:07,772 [WARNING] - No running process found for World Server to terminate via fallback.
2025-08-20 23:47:09,848 [WARNING] - Timeout waiting for World Server to reach 정지됨.
2025-08-20 23:47:09,863 [INFO] - Attempting to stop Auth Server...
2025-08-20 23:47:09,879 [WARNING] - No running process found for Auth Server to terminate via fallback.
2025-08-20 23:47:15,642 [ERROR] - An unexpected error occurred loading config: 'bool' object has no attribute 'get'. Using default config.
2025-08-20 23:47:15,642 [INFO] - Configuration saved to C:\WISE\Server-Launcher\server_config.json
2025-08-20 23:47:16,017 [ERROR] - An unexpected error occurred loading config: 'bool' object has no attribute 'get'. Using default config.
2025-08-20 23:47:16,017 [INFO] - Configuration saved to C:\WISE\Server-Launcher\server_config.json
2025-08-20 23:47:16,251 [INFO] - 런처 시작. 서버 모니터링 중...
2025-08-20 23:47:30,514 [INFO] - All servers are stopped. Exiting launcher.
